h:\documents\imat3606 - year three module - games programming\lab 5\lab 5\src\labs\transformsanddatafiles\temp\win32\debug\vc140.pdb
h:\documents\imat3606 - year three module - games programming\lab 5\lab 5\src\labs\transformsanddatafiles\temp\win32\debug\vc140.idb
h:\documents\imat3606 - year three module - games programming\lab 5\lab 5\src\labs\transformsanddatafiles\temp\win32\debug\awesomegame.obj
h:\documents\imat3606 - year three module - games programming\lab 5\lab 5\src\labs\transformsanddatafiles\temp\win32\debug\glfw_enginecore.obj
h:\documents\imat3606 - year three module - games programming\lab 5\lab 5\src\labs\transformsanddatafiles\temp\win32\debug\jsoncpp.obj
h:\documents\imat3606 - year three module - games programming\lab 5\lab 5\src\labs\transformsanddatafiles\temp\win32\debug\main.obj
h:\documents\imat3606 - year three module - games programming\lab 5\lab 5\src\labs\transformsanddatafiles\temp\win32\debug\mesh.obj
h:\documents\imat3606 - year three module - games programming\lab 5\lab 5\src\labs\transformsanddatafiles\temp\win32\debug\model.obj
h:\documents\imat3606 - year three module - games programming\lab 5\lab 5\src\labs\transformsanddatafiles\temp\win32\debug\playercharacter.obj
h:\documents\imat3606 - year three module - games programming\lab 5\lab 5\src\labs\transformsanddatafiles\temp\win32\debug\scene.obj
h:\documents\imat3606 - year three module - games programming\lab 5\lab 5\src\labs\transformsanddatafiles\temp\win32\debug\staticenvironmentobject.obj
h:\documents\imat3606 - year three module - games programming\lab 5\lab 5\src\labs\transformsanddatafiles\temp\win32\debug\glad.obj
h:\documents\imat3606 - year three module - games programming\lab 5\lab 5\src\labs\transformsanddatafiles\temp\win32\debug\stb_image.obj
h:\documents\imat3606 - year three module - games programming\lab 5\lab 5\src\labs\transformsanddatafiles\temp\win32\debug\loadmodels.obj
h:\documents\imat3606 - year three module - games programming\lab 5\lab 5\bin\win32\debug\transformsanddatafilesfinished.ilk
h:\documents\imat3606 - year three module - games programming\lab 5\lab 5\bin\win32\debug\transformsanddatafilesfinished.exe
h:\documents\imat3606 - year three module - games programming\lab 5\lab 5\bin\win32\debug\transformsanddatafilesfinished.pdb
h:\documents\imat3606 - year three module - games programming\lab 5\lab 5\src\labs\..\..\bin\win32\debug\transformsanddatafilesfinished.pdb
h:\documents\imat3606 - year three module - games programming\lab 5\lab 5\src\labs\..\..\bin\win32\debug\transformsanddatafilesfinished.exe
h:\documents\imat3606 - year three module - games programming\lab 5\lab 5\src\labs\..\..\bin\win32\debug\transformsanddatafilesfinished.ilk
h:\documents\imat3606 - year three module - games programming\lab 5\lab 5\src\labs\transformsanddatafiles\temp\win32\debug\transfor.6fbe5509.tlog\link.read.1.tlog
h:\documents\imat3606 - year three module - games programming\lab 5\lab 5\src\labs\transformsanddatafiles\temp\win32\debug\transfor.6fbe5509.tlog\cl.read.1.tlog
h:\documents\imat3606 - year three module - games programming\lab 5\lab 5\src\labs\transformsanddatafiles\temp\win32\debug\transfor.6fbe5509.tlog\cl.write.1.tlog
h:\documents\imat3606 - year three module - games programming\lab 5\lab 5\src\labs\transformsanddatafiles\temp\win32\debug\transfor.6fbe5509.tlog\cl.command.1.tlog
h:\documents\imat3606 - year three module - games programming\lab 5\lab 5\src\labs\transformsanddatafiles\temp\win32\debug\transfor.6fbe5509.tlog\link.command.1.tlog
h:\documents\imat3606 - year three module - games programming\lab 5\lab 5\src\labs\transformsanddatafiles\temp\win32\debug\transfor.6fbe5509.tlog\link.write.1.tlog
