  StaticEnvironmentObject.cpp
  Scene.cpp
  RotatingEnvironmentObject.cpp
  PlayerCharacter.cpp
h:\documents\imat3606 - year three module - games programming\lab 5\src\labs\transformsanddatafiles\playercharacter.cpp(68): warning C4305: '=': truncation from 'double' to 'float'
h:\documents\imat3606 - year three module - games programming\lab 5\src\labs\transformsanddatafiles\playercharacter.cpp(69): warning C4305: '=': truncation from 'double' to 'float'
  MovingEnvironmentObject.cpp
  Model.cpp
h:\documents\imat3606 - year three module - games programming\lab 5\src\labs\transformsanddatafiles\model.cpp(33): warning C4018: '<': signed/unsigned mismatch
h:\documents\imat3606 - year three module - games programming\lab 5\src\labs\transformsanddatafiles\model.cpp(40): warning C4018: '<': signed/unsigned mismatch
h:\documents\imat3606 - year three module - games programming\lab 5\src\labs\transformsanddatafiles\model.cpp(77): warning C4018: '<': signed/unsigned mismatch
h:\documents\imat3606 - year three module - games programming\lab 5\src\labs\transformsanddatafiles\model.cpp(80): warning C4018: '<': signed/unsigned mismatch
h:\documents\imat3606 - year three module - games programming\lab 5\src\labs\transformsanddatafiles\model.cpp(115): warning C4018: '<': signed/unsigned mismatch
  Mesh.cpp
h:\documents\imat3606 - year three module - games programming\lab 5\src\labs\transformsanddatafiles\mesh.cpp(52): warning C4267: 'argument': conversion from 'size_t' to 'GLsizei', possible loss of data
  main.cpp
  LoadModels.cpp
  jsoncpp.cpp
h:\documents\imat3606 - year three module - games programming\lab 5\src\labs\transformsanddatafiles\jsoncpp.cpp(1018): warning C4018: '>': signed/unsigned mismatch
h:\documents\imat3606 - year three module - games programming\lab 5\src\labs\transformsanddatafiles\jsoncpp.cpp(1034): warning C4018: '>': signed/unsigned mismatch
h:\documents\imat3606 - year three module - games programming\lab 5\src\labs\transformsanddatafiles\jsoncpp.cpp(1035): warning C4018: '>': signed/unsigned mismatch
  GLFW_EngineCore.cpp
  AwesomeGame.cpp
h:\documents\imat3606 - year three module - games programming\lab 5\src\labs\transformsanddatafiles\awesomegame.cpp(43): warning C4018: '<': signed/unsigned mismatch
  Generating Code...
h:\documents\imat3606 - year three module - games programming\lab 5\src\labs\transformsanddatafiles\awesomegame.cpp(139): warning C4715: 'AwesomeGame::loadLevelJSON': not all control paths return a value
  stb_image.c
  glad.c
  Generating Code...
GLFW_EngineCore.obj : error LNK2019: unresolved external symbol glfwInit referenced in function "public: virtual bool __cdecl GLFW_EngineCore::initWindow(int,int,class std::basic_string<char,struct std::char_traits<char>,class std::allocator<char> >)" (?initWindow@GLFW_EngineCore@@UEAA_NHHV?$basic_string@DU?$char_traits@D@std@@V?$allocator@D@2@@std@@@Z)
GLFW_EngineCore.obj : error LNK2019: unresolved external symbol glfwTerminate referenced in function "public: virtual __cdecl GLFW_EngineCore::~GLFW_EngineCore(void)" (??1GLFW_EngineCore@@UEAA@XZ)
GLFW_EngineCore.obj : error LNK2019: unresolved external symbol glfwWindowHint referenced in function "public: virtual bool __cdecl GLFW_EngineCore::initWindow(int,int,class std::basic_string<char,struct std::char_traits<char>,class std::allocator<char> >)" (?initWindow@GLFW_EngineCore@@UEAA_NHHV?$basic_string@DU?$char_traits@D@std@@V?$allocator@D@2@@std@@@Z)
GLFW_EngineCore.obj : error LNK2019: unresolved external symbol glfwCreateWindow referenced in function "public: virtual bool __cdecl GLFW_EngineCore::initWindow(int,int,class std::basic_string<char,struct std::char_traits<char>,class std::allocator<char> >)" (?initWindow@GLFW_EngineCore@@UEAA_NHHV?$basic_string@DU?$char_traits@D@std@@V?$allocator@D@2@@std@@@Z)
GLFW_EngineCore.obj : error LNK2019: unresolved external symbol glfwWindowShouldClose referenced in function "public: virtual bool __cdecl GLFW_EngineCore::runEngine(class Game &)" (?runEngine@GLFW_EngineCore@@UEAA_NAEAVGame@@@Z)
GLFW_EngineCore.obj : error LNK2019: unresolved external symbol glfwSetWindowShouldClose referenced in function "private: static void __cdecl GLFW_EngineCore::keyCallbackEvent(struct GLFWwindow *,int,int,int,int)" (?keyCallbackEvent@GLFW_EngineCore@@CAXPEAUGLFWwindow@@HHHH@Z)
GLFW_EngineCore.obj : error LNK2019: unresolved external symbol glfwSetFramebufferSizeCallback referenced in function "public: virtual bool __cdecl GLFW_EngineCore::initWindow(int,int,class std::basic_string<char,struct std::char_traits<char>,class std::allocator<char> >)" (?initWindow@GLFW_EngineCore@@UEAA_NHHV?$basic_string@DU?$char_traits@D@std@@V?$allocator@D@2@@std@@@Z)
GLFW_EngineCore.obj : error LNK2019: unresolved external symbol glfwPollEvents referenced in function "public: virtual bool __cdecl GLFW_EngineCore::runEngine(class Game &)" (?runEngine@GLFW_EngineCore@@UEAA_NAEAVGame@@@Z)
GLFW_EngineCore.obj : error LNK2019: unresolved external symbol glfwGetKey referenced in function "private: static void __cdecl GLFW_EngineCore::keyCallbackEvent(struct GLFWwindow *,int,int,int,int)" (?keyCallbackEvent@GLFW_EngineCore@@CAXPEAUGLFWwindow@@HHHH@Z)
GLFW_EngineCore.obj : error LNK2019: unresolved external symbol glfwSetKeyCallback referenced in function "public: virtual bool __cdecl GLFW_EngineCore::initWindow(int,int,class std::basic_string<char,struct std::char_traits<char>,class std::allocator<char> >)" (?initWindow@GLFW_EngineCore@@UEAA_NHHV?$basic_string@DU?$char_traits@D@std@@V?$allocator@D@2@@std@@@Z)
GLFW_EngineCore.obj : error LNK2019: unresolved external symbol glfwMakeContextCurrent referenced in function "public: virtual bool __cdecl GLFW_EngineCore::initWindow(int,int,class std::basic_string<char,struct std::char_traits<char>,class std::allocator<char> >)" (?initWindow@GLFW_EngineCore@@UEAA_NHHV?$basic_string@DU?$char_traits@D@std@@V?$allocator@D@2@@std@@@Z)
GLFW_EngineCore.obj : error LNK2019: unresolved external symbol glfwSwapBuffers referenced in function "public: virtual bool __cdecl GLFW_EngineCore::runEngine(class Game &)" (?runEngine@GLFW_EngineCore@@UEAA_NAEAVGame@@@Z)
GLFW_EngineCore.obj : error LNK2019: unresolved external symbol glfwGetProcAddress referenced in function "public: virtual bool __cdecl GLFW_EngineCore::initWindow(int,int,class std::basic_string<char,struct std::char_traits<char>,class std::allocator<char> >)" (?initWindow@GLFW_EngineCore@@UEAA_NHHV?$basic_string@DU?$char_traits@D@std@@V?$allocator@D@2@@std@@@Z)
Model.obj : error LNK2019: unresolved external symbol "public: __cdecl Assimp::Importer::Importer(void)" (??0Importer@Assimp@@QEAA@XZ) referenced in function "private: void __cdecl Model::loadModel(class std::basic_string<char,struct std::char_traits<char>,class std::allocator<char> >)" (?loadModel@Model@@AEAAXV?$basic_string@DU?$char_traits@D@std@@V?$allocator@D@2@@std@@@Z)
Model.obj : error LNK2019: unresolved external symbol "public: __cdecl Assimp::Importer::~Importer(void)" (??1Importer@Assimp@@QEAA@XZ) referenced in function "private: void __cdecl Model::loadModel(class std::basic_string<char,struct std::char_traits<char>,class std::allocator<char> >)" (?loadModel@Model@@AEAAXV?$basic_string@DU?$char_traits@D@std@@V?$allocator@D@2@@std@@@Z)
Model.obj : error LNK2019: unresolved external symbol "public: struct aiScene const * __cdecl Assimp::Importer::ReadFile(char const *,unsigned int)" (?ReadFile@Importer@Assimp@@QEAAPEBUaiScene@@PEBDI@Z) referenced in function "public: struct aiScene const * __cdecl Assimp::Importer::ReadFile(class std::basic_string<char,struct std::char_traits<char>,class std::allocator<char> > const &,unsigned int)" (?ReadFile@Importer@Assimp@@QEAAPEBUaiScene@@AEBV?$basic_string@DU?$char_traits@D@std@@V?$allocator@D@2@@std@@I@Z)
Model.obj : error LNK2019: unresolved external symbol "public: char const * __cdecl Assimp::Importer::GetErrorString(void)const " (?GetErrorString@Importer@Assimp@@QEBAPEBDXZ) referenced in function "private: void __cdecl Model::loadModel(class std::basic_string<char,struct std::char_traits<char>,class std::allocator<char> >)" (?loadModel@Model@@AEAAXV?$basic_string@DU?$char_traits@D@std@@V?$allocator@D@2@@std@@@Z)
Model.obj : error LNK2019: unresolved external symbol aiGetMaterialTextureCount referenced in function "public: unsigned int __cdecl aiMaterial::GetTextureCount(enum aiTextureType)const " (?GetTextureCount@aiMaterial@@QEBAIW4aiTextureType@@@Z)
Model.obj : error LNK2019: unresolved external symbol aiGetMaterialTexture referenced in function "public: enum aiReturn __cdecl aiMaterial::GetTexture(enum aiTextureType,unsigned int,struct aiString *,enum aiTextureMapping *,unsigned int *,float *,enum aiTextureOp *,enum aiTextureMapMode *)const " (?GetTexture@aiMaterial@@QEBA?AW4aiReturn@@W4aiTextureType@@IPEAUaiString@@PEAW4aiTextureMapping@@PEAIPEAMPEAW4aiTextureOp@@PEAW4aiTextureMapMode@@@Z)
assimp-vc140-d.lib : warning LNK4272: library machine type 'X86' conflicts with target machine type 'x64'
H:\Documents\IMAT3606 - Year three module - games programming\lab 5\src\Labs\../../lib/x64/glfw3.lib : warning LNK4272: library machine type 'X86' conflicts with target machine type 'x64'
H:\Documents\IMAT3606 - Year three module - games programming\lab 5\src\Labs\..\..\bin\x64\Debug\TransformsAndDatafilesFinished.exe : fatal error LNK1120: 19 unresolved externals
